<?xml version="1.0" encoding="UTF-8"?>
<!-- Generated by org.testng.reporters.JUnitReportReporter -->
<testsuite skipped="0" hostname="TCSTDVDIDT-1381" name="org.tcs.First" tests="1" failures="0" timestamp="26 Mar 2019 14:44:27 GMT" time="4.173" errors="0">
  <testcase name="middlemethod" time="4.173" classname="org.tcs.First"/>
</testsuite> <!-- org.tcs.First -->
